Library/Bee/Android/Prj/Mono2x/Gradle/unityLibrary/build/intermediates/manifest_merge_blame_file/release/manifest-merger-blame-release-report.txt
1<?xml version="1.0" encoding="utf-8"?>
2<manifest xmlns:android="http://schemas.android.com/apk/res/android"
3    xmlns:tools="http://schemas.android.com/tools"
4    package="com.unity3d.player"
5    android:installLocation="auto" >
6
7    <uses-sdk
8        android:minSdkVersion="23"
8-->src\main\AndroidManifest.xml
9        android:targetSdkVersion="34" />
9-->src\main\AndroidManifest.xml
10
11    <uses-feature android:glEsVersion="0x00030000" />
11-->src\main\AndroidManifest.xml:25:3-52
11-->src\main\AndroidManifest.xml:25:17-49
12    <uses-feature
12-->src\main\AndroidManifest.xml:26:3-91
13        android:name="android.hardware.vulkan.version"
13-->src\main\AndroidManifest.xml:26:17-63
14        android:required="false" />
14-->src\main\AndroidManifest.xml:26:64-88
15
16    <uses-permission android:name="android.permission.INTERNET" />
16-->src\main\AndroidManifest.xml:27:3-65
16-->src\main\AndroidManifest.xml:27:20-62
17
18    <uses-feature
18-->src\main\AndroidManifest.xml:28:3-88
19        android:name="android.hardware.touchscreen"
19-->src\main\AndroidManifest.xml:28:17-60
20        android:required="false" />
20-->src\main\AndroidManifest.xml:28:61-85
21    <uses-feature
21-->src\main\AndroidManifest.xml:29:3-99
22        android:name="android.hardware.touchscreen.multitouch"
22-->src\main\AndroidManifest.xml:29:17-71
23        android:required="false" />
23-->src\main\AndroidManifest.xml:29:72-96
24    <uses-feature
24-->src\main\AndroidManifest.xml:30:3-108
25        android:name="android.hardware.touchscreen.multitouch.distinct"
25-->src\main\AndroidManifest.xml:30:17-80
26        android:required="false" />
26-->src\main\AndroidManifest.xml:30:81-105
27    <uses-feature
27-->src\main\AndroidManifest.xml:31:3-111
28        android:name="android.hardware.vr.headtracking"
28-->src\main\AndroidManifest.xml:31:17-64
29        android:required="true"
29-->src\main\AndroidManifest.xml:31:65-88
30        android:version="1" />
30-->src\main\AndroidManifest.xml:31:89-108
31
32    <application android:extractNativeLibs="true" >
32-->src\main\AndroidManifest.xml:3:3-24:17
32-->src\main\AndroidManifest.xml:3:16-48
33        <activity
33-->src\main\AndroidManifest.xml:4:5-13:16
34            android:name="com.unity3d.player.UnityPlayerActivity"
34-->src\main\AndroidManifest.xml:4:15-68
35            android:configChanges="keyboard|keyboardHidden|navigation|orientation|screenLayout|screenSize|uiMode"
35-->src\main\AndroidManifest.xml:4:204-305
36            android:exported="true"
36-->src\main\AndroidManifest.xml:4:377-400
37            android:hardwareAccelerated="false"
37-->src\main\AndroidManifest.xml:4:341-376
38            android:launchMode="singleTask"
38-->src\main\AndroidManifest.xml:4:172-203
39            android:resizeableActivity="false"
39-->src\main\AndroidManifest.xml:4:306-340
40            android:screenOrientation="landscape"
40-->src\main\AndroidManifest.xml:4:134-171
41            android:theme="@android:style/Theme.Black.NoTitleBar.Fullscreen" >
41-->src\main\AndroidManifest.xml:4:69-133
42            <intent-filter>
42-->src\main\AndroidManifest.xml:5:7-9:23
43                <action android:name="android.intent.action.MAIN" />
43-->src\main\AndroidManifest.xml:6:9-61
43-->src\main\AndroidManifest.xml:6:17-58
44
45                <category android:name="android.intent.category.LAUNCHER" />
45-->src\main\AndroidManifest.xml:7:9-69
45-->src\main\AndroidManifest.xml:7:19-66
46                <category android:name="com.oculus.intent.category.VR" />
46-->src\main\AndroidManifest.xml:8:9-66
46-->src\main\AndroidManifest.xml:8:19-63
47            </intent-filter>
48
49            <meta-data
49-->src\main\AndroidManifest.xml:10:7-82
50                android:name="unityplayer.UnityActivity"
50-->src\main\AndroidManifest.xml:10:18-58
51                android:value="true" />
51-->src\main\AndroidManifest.xml:10:59-79
52            <meta-data
52-->src\main\AndroidManifest.xml:11:7-78
53                android:name="android.notch_support"
53-->src\main\AndroidManifest.xml:11:18-54
54                android:value="true" />
54-->src\main\AndroidManifest.xml:11:55-75
55            <meta-data
55-->src\main\AndroidManifest.xml:12:7-81
56                android:name="com.oculus.vr.focusaware"
56-->src\main\AndroidManifest.xml:12:18-57
57                android:value="true" />
57-->src\main\AndroidManifest.xml:12:58-78
58        </activity>
59
60        <meta-data
60-->src\main\AndroidManifest.xml:14:5-69
61            android:name="unity.splash-mode"
61-->src\main\AndroidManifest.xml:14:16-48
62            android:value="0" />
62-->src\main\AndroidManifest.xml:14:49-66
63        <meta-data
63-->src\main\AndroidManifest.xml:15:5-74
64            android:name="unity.splash-enable"
64-->src\main\AndroidManifest.xml:15:16-50
65            android:value="True" />
65-->src\main\AndroidManifest.xml:15:51-71
66        <meta-data
66-->src\main\AndroidManifest.xml:16:5-78
67            android:name="unity.launch-fullscreen"
67-->src\main\AndroidManifest.xml:16:16-54
68            android:value="True" />
68-->src\main\AndroidManifest.xml:16:55-75
69        <meta-data
69-->src\main\AndroidManifest.xml:17:5-81
70            android:name="notch.config"
70-->src\main\AndroidManifest.xml:17:16-43
71            android:value="portrait|landscape" />
71-->src\main\AndroidManifest.xml:17:44-78
72        <meta-data
72-->src\main\AndroidManifest.xml:18:5-84
73            android:name="unity.auto-report-fully-drawn"
73-->src\main\AndroidManifest.xml:18:16-60
74            android:value="true" />
74-->src\main\AndroidManifest.xml:18:61-81
75        <meta-data
75-->src\main\AndroidManifest.xml:19:5-97
76            android:name="com.samsung.android.vr.application.mode"
76-->src\main\AndroidManifest.xml:19:16-70
77            android:value="vr_only" />
77-->src\main\AndroidManifest.xml:19:71-94
78        <meta-data
78-->src\main\AndroidManifest.xml:20:5-91
79            android:name="com.unity.xr.oculus.LowOverheadMode"
79-->src\main\AndroidManifest.xml:20:16-66
80            android:value="false" />
80-->src\main\AndroidManifest.xml:20:67-88
81        <meta-data
81-->src\main\AndroidManifest.xml:21:5-88
82            android:name="com.unity.xr.oculus.LateLatching"
82-->src\main\AndroidManifest.xml:21:16-63
83            android:value="false" />
83-->src\main\AndroidManifest.xml:21:64-85
84        <meta-data
84-->src\main\AndroidManifest.xml:22:5-93
85            android:name="com.unity.xr.oculus.LateLatchingDebug"
85-->src\main\AndroidManifest.xml:22:16-68
86            android:value="false" />
86-->src\main\AndroidManifest.xml:22:69-90
87        <meta-data
87-->src\main\AndroidManifest.xml:23:5-90
88            android:name="com.oculus.supportedDevices"
88-->src\main\AndroidManifest.xml:23:16-58
89            android:value="quest|quest2" />
89-->src\main\AndroidManifest.xml:23:59-87
90    </application>
91
92</manifest>